#
# A fatal error has been detected by the Java Runtime Environment:
#
#  EXCEPTION_ACCESS_VIOLATION (0xc0000005) at pc=0x695f6687, pid=11220, tid=0x0000142c
#
# JRE version: Java(TM) SE Runtime Environment (8.0_144-b01) (build 1.8.0_144-b01)
# Java VM: Java HotSpot(TM) Client VM (25.144-b01 mixed mode windows-x86 )
# Problematic frame:
# C  [glass.dll+0x16687]
#
# Failed to write core dump. Minidumps are not enabled by default on client versions of Windows
#
# If you would like to submit a bug report, please visit:
#   http://bugreport.java.com/bugreport/crash.jsp
# The crash happened outside the Java Virtual Machine in native code.
# See problematic frame for where to report the bug.
#

---------------  T H R E A D  ---------------

Current thread (0x28d72000):  JavaThread "JavaFX Application Thread" [_thread_in_native, id=5164, stack(0x293c0000,0x295c0000)]

siginfo: ExceptionCode=0xc0000005, reading address 0x38daabf0

Registers:
EAX=0x00000004, EBX=0x00000100, ECX=0x298c912f, EDX=0x278f9da8
ESP=0x295be0c8, EBP=0x0000000d, ESI=0x001c0001, EDI=0x38daab58
EIP=0x695f6687, EFLAGS=0x00010206

Top of Stack: (sp=0x295be0c8)
0x295be0c8:   00080a70 38daab58 001c0001 00000100
0x295be0d8:   00000100 001c0001 00000000 00000000
0x295be0e8:   74c3932a 00080a70 0000c071 00080a70
0x295be0f8:   00d771f7 695e16ef 00000100 0000000d
0x295be108:   001c0001 695e16a0 00080a70 295be144
0x295be118:   00000000 74c3e0bb 00080a70 00000100
0x295be128:   0000000d 001c0001 00080a70 dcbaabcd
0x295be138:   00000000 695e16a0 00080a70 295be168 

Instructions: (pc=0x695f6687)
0x695f6667:   85 b0 6a 5f 69 80 bf b0 00 00 00 00 0f 84 39 02
0x695f6677:   00 00 56 55 53 ff 77 04 8d 4f 14 e8 09 32 00 00
0x695f6687:   83 bf 98 00 00 00 00 0f 85 48 fc ff ff 83 fd 12
0x695f6697:   0f 84 15 02 00 00 83 fd 79 0f 85 36 fc ff ff e8 


Register to memory mapping:

EAX=0x00000004 is an unknown value
EBX=0x00000100 is an unknown value
ECX=0x298c912f is an unknown value
EDX=0x278f9da8 is an unknown value
ESP=0x295be0c8 is pointing into the stack for thread: 0x28d72000
EBP=0x0000000d is an unknown value
ESI=0x001c0001 is an unknown value
EDI=0x38daab58 is an unknown value


Stack: [0x293c0000,0x295c0000],  sp=0x295be0c8,  free space=2040k
Native frames: (J=compiled Java code, j=interpreted, Vv=VM code, C=native code)
C  [glass.dll+0x16687]

Java frames: (J=compiled Java code, j=interpreted, Vv=VM code)
j  com.sun.glass.ui.win.WinApplication._enterNestedEventLoopImpl()Ljava/lang/Object;+0
j  com.sun.glass.ui.win.WinApplication._enterNestedEventLoop()Ljava/lang/Object;+15
j  com.sun.glass.ui.Application.enterNestedEventLoop()Ljava/lang/Object;+14
j  com.sun.glass.ui.EventLoop.enter()Ljava/lang/Object;+42
j  com.sun.javafx.tk.quantum.QuantumToolkit.enterNestedEventLoop(Ljava/lang/Object;)Ljava/lang/Object;+107
j  javafx.stage.Stage.showAndWait()V+93
j  javafx.scene.control.HeavyweightDialog.showAndWait()V+22
j  javafx.scene.control.Dialog.showAndWait()Ljava/util/Optional;+88
j  bluej.pkgmgr.PkgMgrFrame.doCreateNewClass(DD)V+32
j  bluej.pkgmgr.PackageEditor.lambda$popupMenu$9(Ljavafx/geometry/Point2D;Ljavafx/event/ActionEvent;)V+19
j  bluej.pkgmgr.PackageEditor$$Lambda$1365.handle(Ljavafx/event/Event;)V+12
J 36084 C1 com.sun.javafx.event.CompositeEventHandler.dispatchBubblingEvent(Ljavafx/event/Event;)V (57 bytes) @ 0x05286690 [0x052865f0+0xa0]
J 36078 C1 com.sun.javafx.event.EventHandlerManager.dispatchBubblingEvent(Ljavafx/event/Event;)Ljavafx/event/Event; (23 bytes) @ 0x050e5378 [0x050e5290+0xe8]
J 23234 C1 com.sun.javafx.event.BasicEventDispatcher.dispatchEvent(Ljavafx/event/Event;Ljavafx/event/EventDispatchChain;)Ljavafx/event/Event; (44 bytes) @ 0x0528f43c [0x0528f3b0+0x8c]
J 23219 C1 com.sun.javafx.event.EventDispatchChainImpl.dispatchEvent(Ljavafx/event/Event;)Ljavafx/event/Event; (101 bytes) @ 0x0520cf5c [0x0520ced0+0x8c]
J 23594 C1 com.sun.javafx.event.EventUtil.fireEvent(Ljavafx/event/EventTarget;Ljavafx/event/Event;)Ljavafx/event/Event; (81 bytes) @ 0x053695a4 [0x05369490+0x114]
j  javafx.event.Event.fireEvent(Ljavafx/event/EventTarget;Ljavafx/event/Event;)V+30
j  javafx.scene.control.MenuItem.fire()V+10
j  com.sun.javafx.scene.control.skin.ContextMenuContent$MenuItemContainer.doSelect()V+97
j  com.sun.javafx.scene.control.skin.ContextMenuContent$MenuItemContainer.lambda$createChildren$343(Ljavafx/scene/input/MouseEvent;)V+1
j  com.sun.javafx.scene.control.skin.ContextMenuContent$MenuItemContainer$$Lambda$1276.handle(Ljavafx/event/Event;)V+8
J 36305 C1 com.sun.javafx.event.CompositeEventHandler$NormalEventHandlerRecord.handleBubblingEvent(Ljavafx/event/Event;)V (11 bytes) @ 0x054f11f8 [0x054f11d0+0x28]
J 36084 C1 com.sun.javafx.event.CompositeEventHandler.dispatchBubblingEvent(Ljavafx/event/Event;)V (57 bytes) @ 0x0528665c [0x052865f0+0x6c]
J 36078 C1 com.sun.javafx.event.EventHandlerManager.dispatchBubblingEvent(Ljavafx/event/Event;)Ljavafx/event/Event; (23 bytes) @ 0x050e5378 [0x050e5290+0xe8]
J 36079 C1 com.sun.javafx.event.CompositeEventDispatcher.dispatchBubblingEvent(Ljavafx/event/Event;)Ljavafx/event/Event; (35 bytes) @ 0x051ebe68 [0x051ebe20+0x48]
J 23234 C1 com.sun.javafx.event.BasicEventDispatcher.dispatchEvent(Ljavafx/event/Event;Ljavafx/event/EventDispatchChain;)Ljavafx/event/Event; (44 bytes) @ 0x0528f43c [0x0528f3b0+0x8c]
J 23219 C1 com.sun.javafx.event.EventDispatchChainImpl.dispatchEvent(Ljavafx/event/Event;)Ljavafx/event/Event; (101 bytes) @ 0x0520cf5c [0x0520ced0+0x8c]
J 23234 C1 com.sun.javafx.event.BasicEventDispatcher.dispatchEvent(Ljavafx/event/Event;Ljavafx/event/EventDispatchChain;)Ljavafx/event/Event; (44 bytes) @ 0x0528f420 [0x0528f3b0+0x70]
J 23219 C1 com.sun.javafx.event.EventDispatchChainImpl.dispatchEvent(Ljavafx/event/Event;)Ljavafx/event/Event; (101 bytes) @ 0x0520cf5c [0x0520ced0+0x8c]
J 23234 C1 com.sun.javafx.event.BasicEventDispatcher.dispatchEvent(Ljavafx/event/Event;Ljavafx/event/EventDispatchChain;)Ljavafx/event/Event; (44 bytes) @ 0x0528f420 [0x0528f3b0+0x70]
J 23219 C1 com.sun.javafx.event.EventDispatchChainImpl.dispatchEvent(Ljavafx/event/Event;)Ljavafx/event/Event; (101 bytes) @ 0x0520cf5c [0x0520ced0+0x8c]
J 23234 C1 com.sun.javafx.event.BasicEventDispatcher.dispatchEvent(Ljavafx/event/Event;Ljavafx/event/EventDispatchChain;)Ljavafx/event/Event; (44 bytes) @ 0x0528f420 [0x0528f3b0+0x70]
J 23219 C1 com.sun.javafx.event.EventDispatchChainImpl.dispatchEvent(Ljavafx/event/Event;)Ljavafx/event/Event; (101 bytes) @ 0x0520cf5c [0x0520ced0+0x8c]
J 23594 C1 com.sun.javafx.event.EventUtil.fireEvent(Ljavafx/event/EventTarget;Ljavafx/event/Event;)Ljavafx/event/Event; (81 bytes) @ 0x053695f8 [0x05369490+0x168]
J 25817 C1 javafx.scene.Scene$MouseHandler.process(Ljavafx/scene/input/MouseEvent;Z)V (735 bytes) @ 0x0544f2b4 [0x0544ea90+0x824]
J 36129 C1 javafx.scene.Scene$ScenePeerListener.mouseEvent(Ljavafx/event/EventType;DDDDLjavafx/scene/input/MouseButton;ZZZZZZZZZ)V (50 bytes) @ 0x0551b0e0 [0x0551afa0+0x140]
J 35538 C1 com.sun.javafx.tk.quantum.GlassViewEventHandler$MouseEventNotification.run()Ljava/lang/Void; (567 bytes) @ 0x05299208 [0x05298e30+0x3d8]
J 35537 C1 com.sun.javafx.tk.quantum.GlassViewEventHandler$MouseEventNotification.run()Ljava/lang/Object; (5 bytes) @ 0x055d0720 [0x055d0700+0x20]
v  ~StubRoutines::call_stub
J 1785  java.security.AccessController.doPrivileged(Ljava/security/PrivilegedAction;Ljava/security/AccessControlContext;)Ljava/lang/Object; (0 bytes) @ 0x052916c7 [0x05291660+0x67]
J 34138 C1 com.sun.javafx.tk.quantum.GlassViewEventHandler$$Lambda$124.get()Ljava/lang/Object; (8 bytes) @ 0x050edb18 [0x050edae0+0x38]
J 25831 C1 com.sun.javafx.tk.quantum.QuantumToolkit.runWithoutRenderLock(Ljava/util/function/Supplier;)Ljava/lang/Object; (49 bytes) @ 0x0513ee6c [0x0513ee00+0x6c]
J 36055 C1 com.sun.javafx.tk.quantum.GlassViewEventHandler.handleMouseEvent(Lcom/sun/glass/ui/View;JIIIIIIIZZ)V (108 bytes) @ 0x054fa364 [0x054fa290+0xd4]
J 36067 C1 com.sun.glass.ui.View.notifyMouse(IIIIIIIZZ)V (221 bytes) @ 0x05091748 [0x05091360+0x3e8]
v  ~StubRoutines::call_stub
j  com.sun.glass.ui.win.WinApplication._runLoop(Ljava/lang/Runnable;)V+0
j  com.sun.glass.ui.win.WinApplication.lambda$null$148(ILjava/lang/Runnable;)V+8
j  com.sun.glass.ui.win.WinApplication$$Lambda$40.run()V+12
j  java.lang.Thread.run()V+11
v  ~StubRoutines::call_stub

---------------  P R O C E S S  ---------------

Java Threads: ( => current thread )
  0x34f7bc00 JavaThread "vm-event-handler" [_thread_blocked, id=11508, stack(0x3c840000,0x3ca40000)]
  0x34f77400 JavaThread "BlueJ I/O Handler" [_thread_blocked, id=32, stack(0x3a070000,0x3a270000)]
  0x34f79400 JavaThread "BlueJ I/O Handler" [_thread_in_native, id=12608, stack(0x39e70000,0x3a070000)]
  0x34f77c00 JavaThread "BlueJ I/O Handler" [_thread_in_native, id=15168, stack(0x37e20000,0x38020000)]
  0x34f77000 JavaThread "JDI Target VM Interface" daemon [_thread_in_native, id=6920, stack(0x37800000,0x37a00000)]
  0x34f7c800 JavaThread "JDI Internal Event Handler" daemon [_thread_blocked, id=4800, stack(0x37600000,0x37800000)]
  0x34f7e000 JavaThread "BlueJ compiler thread" [_thread_blocked, id=2416, stack(0x3c640000,0x3c840000)]
  0x34f7dc00 JavaThread "Disposer" daemon [_thread_blocked, id=3728, stack(0x371c0000,0x373c0000)]
  0x34f7c000 JavaThread "pool-3-thread-4" [_thread_blocked, id=13068, stack(0x388a0000,0x38aa0000)]
  0x34f7a800 JavaThread "pool-3-thread-3" [_thread_blocked, id=17184, stack(0x38660000,0x38860000)]
  0x34f7b400 JavaThread "pool-3-thread-2" [_thread_blocked, id=17348, stack(0x38420000,0x38620000)]
  0x34f79000 JavaThread "pool-3-thread-1" [_thread_blocked, id=3380, stack(0x381e0000,0x383e0000)]
  0x28ed1000 JavaThread "TimerQueue" daemon [_thread_blocked, id=104, stack(0x344a0000,0x346a0000)]
  0x28ed2800 JavaThread "AWT-EventQueue-0" [_thread_blocked, id=4696, stack(0x31cf0000,0x31ef0000)]
  0x28ed0800 JavaThread "Prism Font Disposer" daemon [_thread_blocked, id=13016, stack(0x30bd0000,0x30dd0000)]
  0x28da4800 JavaThread "Thread-5" [_thread_blocked, id=9076, stack(0x2e580000,0x2e780000)]
  0x28d8b000 JavaThread "AWT-Windows" daemon [_thread_in_native, id=17240, stack(0x2e340000,0x2e540000)]
  0x28d8e800 JavaThread "AWT-Shutdown" [_thread_blocked, id=16912, stack(0x2e100000,0x2e300000)]
  0x28d8e000 JavaThread "Java2D Disposer" daemon [_thread_blocked, id=16916, stack(0x2dec0000,0x2e0c0000)]
  0x28d7b400 JavaThread "Thread-3" daemon [_thread_in_native, id=5468, stack(0x2dc80000,0x2de80000)]
=>0x28d72000 JavaThread "JavaFX Application Thread" [_thread_in_native, id=5164, stack(0x293c0000,0x295c0000)]
  0x278f9400 JavaThread "Thread-2" daemon [_thread_blocked, id=17380, stack(0x29180000,0x29380000)]
  0x278dc800 JavaThread "QuantumRenderer-0" daemon [_thread_blocked, id=10676, stack(0x28b40000,0x28d40000)]
  0x27895400 JavaThread "JavaFX-Launcher" [_thread_blocked, id=5976, stack(0x28900000,0x28b00000)]
  0x27764000 JavaThread "Service Thread" daemon [_thread_blocked, id=14108, stack(0x28480000,0x28680000)]
  0x2774a800 JavaThread "C1 CompilerThread0" daemon [_thread_blocked, id=14960, stack(0x28240000,0x28440000)]
  0x27749800 JavaThread "Attach Listener" daemon [_thread_blocked, id=14100, stack(0x28000000,0x28200000)]
  0x27747800 JavaThread "Signal Dispatcher" daemon [_thread_blocked, id=16852, stack(0x27e00000,0x28000000)]
  0x27729400 JavaThread "Finalizer" daemon [_thread_blocked, id=16228, stack(0x27b10000,0x27d10000)]
  0x27713400 JavaThread "Reference Handler" daemon [_thread_blocked, id=3464, stack(0x27910000,0x27b10000)]
  0x04f5c400 JavaThread "main" [_thread_blocked, id=2436, stack(0x004a0000,0x006a0000)]

Other Threads:
  0x047fd000 VMThread [stack: 0x27510000,0x27710000] [id=6132]
  0x2776cc00 WatcherThread [stack: 0x286c0000,0x288c0000] [id=13596]

VM state:not at safepoint (normal execution)

VM Mutex/Monitor currently owned by a thread: None

Heap:
 def new generation   total 127232K, used 69459K [0x07000000, 0x0fa00000, 0x11aa0000)
  eden space 113152K,  53% used [0x07000000, 0x0ab59ac8, 0x0de80000)
  from space 14080K,  61% used [0x0ec40000, 0x0f4bb3e8, 0x0fa00000)
  to   space 14080K,   0% used [0x0de80000, 0x0de80000, 0x0ec40000)
 tenured generation   total 282440K, used 227922K [0x11aa0000, 0x22e72000, 0x27000000)
   the space 282440K,  80% used [0x11aa0000, 0x1f934948, 0x1f934a00, 0x22e72000)
 Metaspace       used 31139K, capacity 33764K, committed 33792K, reserved 34176K

Card table byte_map: [0x04dc0000,0x04ed0000] byte_map_base: 0x04d88000

Polling page: 0x02780000

CodeCache: size=32768Kb used=6342Kb max_used=6939Kb free=26425Kb
 bounds [0x04f60000, 0x05638000, 0x06f60000]
 total_blobs=4707 nmethods=4210 adapters=425
 compilation: enabled

Compilation events (10 events):
Event: 3015.454 Thread 0x2774a800 41862             javafx.scene.Node::getEffect (21 bytes)
Event: 3015.454 Thread 0x2774a800 nmethod 41862 0x05567448 code [0x05567550, 0x0556763c]
Event: 3015.514 Thread 0x2774a800 41863             com.sun.prism.impl.VertexBuffer::flush (32 bytes)
Event: 3015.515 Thread 0x2774a800 nmethod 41863 0x05265e48 code [0x05265f50, 0x05266048]
Event: 3015.577 Thread 0x2774a800 41864             javafx.scene.layout.VBox::layoutChildren (250 bytes)
Event: 3015.579 Thread 0x2774a800 nmethod 41864 0x052abb48 code [0x052abda0, 0x052ac76c]
Event: 3016.197 Thread 0x2774a800 41865             com.sun.glass.ui.Application::checkEventThread (48 bytes)
Event: 3016.197 Thread 0x2774a800 nmethod 41865 0x05359648 code [0x05359780, 0x05359a10]
Event: 3016.199 Thread 0x2774a800 41866   !         com.sun.javafx.css.StyleManager::forget (313 bytes)
Event: 3016.200 Thread 0x2774a800 nmethod 41866 0x052b1048 code [0x052b1310, 0x052b1ba8]

GC Heap History (10 events):
Event: 2607.245 GC heap before
{Heap before GC invocations=150 (full 14):
 def new generation   total 127232K, used 120667K [0x07000000, 0x0fa00000, 0x11aa0000)
  eden space 113152K, 100% used [0x07000000, 0x0de80000, 0x0de80000)
  from space 14080K,  53% used [0x0de80000, 0x0e5d6c40, 0x0ec40000)
  to   space 14080K,   0% used [0x0ec40000, 0x0ec40000, 0x0fa00000)
 tenured generation   total 282440K, used 182362K [0x11aa0000, 0x22e72000, 0x27000000)
   the space 282440K,  64% used [0x11aa0000, 0x1ccb6a38, 0x1ccb6c00, 0x22e72000)
 Metaspace       used 31081K, capacity 33687K, committed 33792K, reserved 34176K
Event: 2607.260 GC heap after
Heap after GC invocations=151 (full 14):
 def new generation   total 127232K, used 9675K [0x07000000, 0x0fa00000, 0x11aa0000)
  eden space 113152K,   0% used [0x07000000, 0x07000000, 0x0de80000)
  from space 14080K,  68% used [0x0ec40000, 0x0f5b2d18, 0x0fa00000)
  to   space 14080K,   0% used [0x0de80000, 0x0de80000, 0x0ec40000)
 tenured generation   total 282440K, used 183107K [0x11aa0000, 0x22e72000, 0x27000000)
   the space 282440K,  64% used [0x11aa0000, 0x1cd70df0, 0x1cd70e00, 0x22e72000)
 Metaspace       used 31081K, capacity 33687K, committed 33792K, reserved 34176K
}
Event: 2627.619 GC heap before
{Heap before GC invocations=151 (full 14):
 def new generation   total 127232K, used 122827K [0x07000000, 0x0fa00000, 0x11aa0000)
  eden space 113152K, 100% used [0x07000000, 0x0de80000, 0x0de80000)
  from space 14080K,  68% used [0x0ec40000, 0x0f5b2d18, 0x0fa00000)
  to   space 14080K,   0% used [0x0de80000, 0x0de80000, 0x0ec40000)
 tenured generation   total 282440K, used 183107K [0x11aa0000, 0x22e72000, 0x27000000)
   the space 282440K,  64% used [0x11aa0000, 0x1cd70df0, 0x1cd70e00, 0x22e72000)
 Metaspace       used 31081K, capacity 33687K, committed 33792K, reserved 34176K
Event: 2627.646 GC heap after
Heap after GC invocations=152 (full 14):
 def new generation   total 127232K, used 11522K [0x07000000, 0x0fa00000, 0x11aa0000)
  eden space 113152K,   0% used [0x07000000, 0x07000000, 0x0de80000)
  from space 14080K,  81% used [0x0de80000, 0x0e9c0998, 0x0ec40000)
  to   space 14080K,   0% used [0x0ec40000, 0x0ec40000, 0x0fa00000)
 tenured generation   total 282440K, used 191515K [0x11aa0000, 0x22e72000, 0x27000000)
   the space 282440K,  67% used [0x11aa0000, 0x1d5a6fb0, 0x1d5a7000, 0x22e72000)
 Metaspace       used 31081K, capacity 33687K, committed 33792K, reserved 34176K
}
Event: 2646.048 GC heap before
{Heap before GC invocations=152 (full 14):
 def new generation   total 127232K, used 124674K [0x07000000, 0x0fa00000, 0x11aa0000)
  eden space 113152K, 100% used [0x07000000, 0x0de80000, 0x0de80000)
  from space 14080K,  81% used [0x0de80000, 0x0e9c0998, 0x0ec40000)
  to   space 14080K,   0% used [0x0ec40000, 0x0ec40000, 0x0fa00000)
 tenured generation   total 282440K, used 191515K [0x11aa0000, 0x22e72000, 0x27000000)
   the space 282440K,  67% used [0x11aa0000, 0x1d5a6fb0, 0x1d5a7000, 0x22e72000)
 Metaspace       used 31081K, capacity 33687K, committed 33792K, reserved 34176K
Event: 2646.087 GC heap after
Heap after GC invocations=153 (full 14):
 def new generation   total 127232K, used 14080K [0x07000000, 0x0fa00000, 0x11aa0000)
  eden space 113152K,   0% used [0x07000000, 0x07000000, 0x0de80000)
  from space 14080K, 100% used [0x0ec40000, 0x0fa00000, 0x0fa00000)
  to   space 14080K,   0% used [0x0de80000, 0x0de80000, 0x0ec40000)
 tenured generation   total 282440K, used 205723K [0x11aa0000, 0x22e72000, 0x27000000)
   the space 282440K,  72% used [0x11aa0000, 0x1e386d28, 0x1e386e00, 0x22e72000)
 Metaspace       used 31081K, capacity 33687K, committed 33792K, reserved 34176K
}
Event: 2762.809 GC heap before
{Heap before GC invocations=153 (full 14):
 def new generation   total 127232K, used 127232K [0x07000000, 0x0fa00000, 0x11aa0000)
  eden space 113152K, 100% used [0x07000000, 0x0de80000, 0x0de80000)
  from space 14080K, 100% used [0x0ec40000, 0x0fa00000, 0x0fa00000)
  to   space 14080K,   0% used [0x0de80000, 0x0de80000, 0x0ec40000)
 tenured generation   total 282440K, used 205723K [0x11aa0000, 0x22e72000, 0x27000000)
   the space 282440K,  72% used [0x11aa0000, 0x1e386d28, 0x1e386e00, 0x22e72000)
 Metaspace       used 31081K, capacity 33687K, committed 33792K, reserved 34176K
Event: 2762.835 GC heap after
Heap after GC invocations=154 (full 14):
 def new generation   total 127232K, used 12588K [0x07000000, 0x0fa00000, 0x11aa0000)
  eden space 113152K,   0% used [0x07000000, 0x07000000, 0x0de80000)
  from space 14080K,  89% used [0x0de80000, 0x0eacb388, 0x0ec40000)
  to   space 14080K,   0% used [0x0ec40000, 0x0ec40000, 0x0fa00000)
 tenured generation   total 282440K, used 219643K [0x11aa0000, 0x22e72000, 0x27000000)
   the space 282440K,  77% used [0x11aa0000, 0x1f11ed40, 0x1f11ee00, 0x22e72000)
 Metaspace       used 31081K, capacity 33687K, committed 33792K, reserved 34176K
}
Event: 2928.905 GC heap before
{Heap before GC invocations=154 (full 14):
 def new generation   total 127232K, used 125740K [0x07000000, 0x0fa00000, 0x11aa0000)
  eden space 113152K, 100% used [0x07000000, 0x0de80000, 0x0de80000)
  from space 14080K,  89% used [0x0de80000, 0x0eacb388, 0x0ec40000)
  to   space 14080K,   0% used [0x0ec40000, 0x0ec40000, 0x0fa00000)
 tenured generation   total 282440K, used 219643K [0x11aa0000, 0x22e72000, 0x27000000)
   the space 282440K,  77% used [0x11aa0000, 0x1f11ed40, 0x1f11ee00, 0x22e72000)
 Metaspace       used 31081K, capacity 33687K, committed 33792K, reserved 34176K
Event: 2928.928 GC heap after
Heap after GC invocations=155 (full 14):
 def new generation   total 127232K, used 8684K [0x07000000, 0x0fa00000, 0x11aa0000)
  eden space 113152K,   0% used [0x07000000, 0x07000000, 0x0de80000)
  from space 14080K,  61% used [0x0ec40000, 0x0f4bb3e8, 0x0fa00000)
  to   space 14080K,   0% used [0x0de80000, 0x0de80000, 0x0ec40000)
 tenured generation   total 282440K, used 227922K [0x11aa0000, 0x22e72000, 0x27000000)
   the space 282440K,  80% used [0x11aa0000, 0x1f934948, 0x1f934a00, 0x22e72000)
 Metaspace       used 31081K, capacity 33687K, committed 33792K, reserved 34176K
}

Deoptimization events (0 events):
No events

Internal exceptions (10 events):
Event: 2655.517 Thread 0x278dc800 Exception <a 'java/lang/ArrayIndexOutOfBoundsException'> (0x0bf73df8) thrown at [C:\workspace\8-2-build-windows-i586-cygwin\jdk8u144\9417\hotspot\src\share\vm\runtime\sharedRuntime.cpp, line 605]
Event: 2655.552 Thread 0x34f7e000 Exception <a 'java/io/FileNotFoundException'> (0x0c0ed6b8) thrown at [C:\workspace\8-2-build-windows-i586-cygwin\jdk8u144\9417\hotspot\src\share\vm\prims\jni.cpp, line 709]
Event: 2655.553 Thread 0x34f7e000 Exception <a 'java/io/FileNotFoundException'> (0x0c0eed98) thrown at [C:\workspace\8-2-build-windows-i586-cygwin\jdk8u144\9417\hotspot\src\share\vm\prims\jni.cpp, line 709]
Event: 2655.933 Thread 0x278dc800 Exception <a 'java/lang/ArrayIndexOutOfBoundsException'> (0x0c868b20) thrown at [C:\workspace\8-2-build-windows-i586-cygwin\jdk8u144\9417\hotspot\src\share\vm\runtime\sharedRuntime.cpp, line 605]
Event: 3012.479 Thread 0x278dc800 Exception <a 'java/lang/ArrayIndexOutOfBoundsException'> (0x0a522408) thrown at [C:\workspace\8-2-build-windows-i586-cygwin\jdk8u144\9417\hotspot\src\share\vm\runtime\sharedRuntime.cpp, line 605]
Event: 3012.495 Thread 0x278dc800 Exception <a 'java/lang/ArrayIndexOutOfBoundsException'> (0x0a71f848) thrown at [C:\workspace\8-2-build-windows-i586-cygwin\jdk8u144\9417\hotspot\src\share\vm\runtime\sharedRuntime.cpp, line 605]
Event: 3013.116 Thread 0x278dc800 Exception <a 'java/lang/ArrayIndexOutOfBoundsException'> (0x0a741fd0) thrown at [C:\workspace\8-2-build-windows-i586-cygwin\jdk8u144\9417\hotspot\src\share\vm\runtime\sharedRuntime.cpp, line 605]
Event: 3013.213 Thread 0x278dc800 Exception <a 'java/lang/ArrayIndexOutOfBoundsException'> (0x0a74e970) thrown at [C:\workspace\8-2-build-windows-i586-cygwin\jdk8u144\9417\hotspot\src\share\vm\runtime\sharedRuntime.cpp, line 605]
Event: 3013.944 Thread 0x28d72000 Exception <a 'java/io/FileNotFoundException'> (0x0a6b7438) thrown at [C:\workspace\8-2-build-windows-i586-cygwin\jdk8u144\9417\hotspot\src\share\vm\prims\jni.cpp, line 709]
Event: 3014.050 Thread 0x278dc800 Exception <a 'java/lang/ArrayIndexOutOfBoundsException'> (0x0a957248) thrown at [C:\workspace\8-2-build-windows-i586-cygwin\jdk8u144\9417\hotspot\src\share\vm\runtime\sharedRuntime.cpp, line 605]

Events (10 events):
Event: 3015.436 Thread 0x2774a800 flushing nmethod 0x05386988
Event: 3015.436 Thread 0x2774a800 flushing nmethod 0x053bd788
Event: 3015.437 Thread 0x2774a800 flushing nmethod 0x054977c8
Event: 3015.437 Thread 0x2774a800 flushing nmethod 0x054f7cc8
Event: 3015.437 Thread 0x2774a800 flushing nmethod 0x054f7e88
Event: 3016.198 Thread 0x2774a800 flushing nmethod 0x050dd348
Event: 3016.198 Thread 0x2774a800 flushing nmethod 0x050dd588
Event: 3016.198 Thread 0x2774a800 flushing nmethod 0x050df3c8
Event: 3016.198 Thread 0x2774a800 flushing nmethod 0x0512a0c8
Event: 3016.200 Thread 0x2774a800 flushing nmethod 0x051ed7c8


Dynamic libraries:
0x00400000 - 0x00494000 	C:\Program Files (x86)\BlueJ\BlueJ.exe
0x77750000 - 0x778dd000 	C:\WINDOWS\SYSTEM32\ntdll.dll
0x749b0000 - 0x74a80000 	C:\WINDOWS\System32\KERNEL32.DLL
0x741d0000 - 0x743a7000 	C:\WINDOWS\System32\KERNELBASE.dll
0x76790000 - 0x76808000 	C:\WINDOWS\System32\ADVAPI32.DLL
0x76ef0000 - 0x76fad000 	C:\WINDOWS\System32\msvcrt.dll
0x77250000 - 0x77293000 	C:\WINDOWS\System32\sechost.dll
0x747f0000 - 0x748ae000 	C:\WINDOWS\System32\RPCRT4.dll
0x74080000 - 0x740a0000 	C:\WINDOWS\System32\SspiCli.dll
0x74070000 - 0x7407a000 	C:\WINDOWS\System32\CRYPTBASE.dll
0x765a0000 - 0x765f7000 	C:\WINDOWS\System32\bcryptPrimitives.dll
0x77060000 - 0x77134000 	C:\WINDOWS\System32\COMDLG32.DLL
0x77500000 - 0x77746000 	C:\WINDOWS\System32\combase.dll
0x740a0000 - 0x741b7000 	C:\WINDOWS\System32\ucrtbase.dll
0x76880000 - 0x76908000 	C:\WINDOWS\System32\shcore.dll
0x74c20000 - 0x74d95000 	C:\WINDOWS\System32\USER32.dll
0x75240000 - 0x75256000 	C:\WINDOWS\System32\win32u.dll
0x76610000 - 0x76632000 	C:\WINDOWS\System32\GDI32.dll
0x74690000 - 0x747ef000 	C:\WINDOWS\System32\gdi32full.dll
0x76fb0000 - 0x7702c000 	C:\WINDOWS\System32\msvcp_win.dll
0x74bd0000 - 0x74c15000 	C:\WINDOWS\System32\SHLWAPI.dll
0x75260000 - 0x76594000 	C:\WINDOWS\System32\SHELL32.dll
0x74630000 - 0x74668000 	C:\WINDOWS\System32\cfgmgr32.dll
0x76910000 - 0x76ed6000 	C:\WINDOWS\System32\windows.storage.dll
0x741c0000 - 0x741ce000 	C:\WINDOWS\System32\kernel.appcore.dll
0x74b80000 - 0x74bc5000 	C:\WINDOWS\System32\powrprof.dll
0x77230000 - 0x77244000 	C:\WINDOWS\System32\profapi.dll
0x730b0000 - 0x7313e000 	C:\WINDOWS\WinSxS\x86_microsoft.windows.common-controls_6595b64144ccf1df_5.82.16299.431_none_d026bbf95f37292c\COMCTL32.dll
0x72e50000 - 0x72e58000 	C:\WINDOWS\SYSTEM32\VERSION.dll
0x77030000 - 0x77055000 	C:\WINDOWS\System32\IMM32.DLL
0x66820000 - 0x66bee000 	C:\Program Files (x86)\BlueJ\jdk\jre\bin\client\jvm.dll
0x74b70000 - 0x74b76000 	C:\WINDOWS\System32\PSAPI.DLL
0x72560000 - 0x72568000 	C:\WINDOWS\SYSTEM32\WSOCK32.dll
0x72430000 - 0x72454000 	C:\WINDOWS\SYSTEM32\WINMM.dll
0x751d0000 - 0x75236000 	C:\WINDOWS\System32\WS2_32.dll
0x72400000 - 0x72423000 	C:\WINDOWS\SYSTEM32\WINMMBASE.dll
0x68760000 - 0x6881f000 	C:\Program Files (x86)\BlueJ\jdk\jre\bin\MSVCR100.dll
0x6e4a0000 - 0x6e4ac000 	C:\Program Files (x86)\BlueJ\jdk\jre\bin\verify.dll
0x69640000 - 0x69661000 	C:\Program Files (x86)\BlueJ\jdk\jre\bin\java.dll
0x69950000 - 0x69963000 	C:\Program Files (x86)\BlueJ\jdk\jre\bin\zip.dll
0x66730000 - 0x6681e000 	C:\Program Files (x86)\BlueJ\jdk\jre\bin\msvcr120.dll
0x666b0000 - 0x66721000 	C:\Program Files (x86)\BlueJ\jdk\jre\bin\msvcp120.dll
0x69620000 - 0x6963e000 	C:\Program Files (x86)\BlueJ\jdk\jre\bin\prism_d3d.dll
0x69430000 - 0x6959c000 	C:\WINDOWS\system32\d3d9.dll
0x73000000 - 0x73023000 	C:\WINDOWS\SYSTEM32\dwmapi.dll
0x73030000 - 0x730a9000 	C:\WINDOWS\system32\uxtheme.dll
0x695e0000 - 0x69613000 	C:\Program Files (x86)\BlueJ\jdk\jre\bin\glass.dll
0x748b0000 - 0x749a7000 	C:\WINDOWS\System32\ole32.dll
0x77140000 - 0x771d3000 	C:\WINDOWS\System32\OLEAUT32.dll
0x76640000 - 0x76784000 	C:\WINDOWS\System32\MSCTF.dll
0x50b60000 - 0x5192d000 	C:\WINDOWS\System32\DriverStore\FileRepository\nvamwu.inf_amd64_d4715679184092a8\nvd3dum.dll
0x66560000 - 0x666a5000 	C:\Program Files (x86)\BlueJ\jdk\jre\bin\awt.dll
0x65190000 - 0x6522a000 	C:\WINDOWS\SYSTEM32\apphelp.dll
0x693f0000 - 0x69401000 	C:\Program Files (x86)\BlueJ\jdk\jre\bin\javafx_font.dll
0x6f060000 - 0x6f2e0000 	C:\WINDOWS\SYSTEM32\dwrite.dll
0x77470000 - 0x774f2000 	C:\WINDOWS\System32\clbcatq.dll
0x70e90000 - 0x710a1000 	C:\WINDOWS\WinSxS\x86_microsoft.windows.common-controls_6595b64144ccf1df_6.0.16299.431_none_5d750ac5a7e1c779\comctl32.dll
0x52a30000 - 0x52b9e000 	C:\WINDOWS\SYSTEM32\WindowsCodecs.dll
0x68630000 - 0x68678000 	C:\WINDOWS\system32\dataexchange.dll
0x683f0000 - 0x6862e000 	C:\WINDOWS\system32\d3d11.dll
0x682f0000 - 0x683ee000 	C:\WINDOWS\system32\dcomp.dll
0x68680000 - 0x68713000 	C:\WINDOWS\system32\dxgi.dll
0x6e140000 - 0x6e274000 	C:\WINDOWS\system32\twinapi.appcore.dll
0x6e4e0000 - 0x6e4fa000 	C:\WINDOWS\system32\RMCLIENT.dll
0x71e40000 - 0x71e59000 	C:\WINDOWS\system32\bcrypt.dll
0x68730000 - 0x68758000 	C:\Program Files (x86)\Common Files\Microsoft Shared\Ink\rtscom.dll
0x58f60000 - 0x58fd7000 	C:\WINDOWS\System32\TextInputFramework.dll
0x58ed0000 - 0x58f5c000 	C:\WINDOWS\System32\CoreMessaging.dll
0x58c90000 - 0x58ec4000 	C:\WINDOWS\System32\CoreUIComponents.dll
0x6f5e0000 - 0x6f6ab000 	C:\WINDOWS\SYSTEM32\wintypes.dll
0x722c0000 - 0x722e8000 	C:\WINDOWS\SYSTEM32\ntmarta.dll
0x66540000 - 0x66556000 	C:\Program Files (x86)\BlueJ\jdk\jre\bin\net.dll
0x722f0000 - 0x72345000 	C:\WINDOWS\system32\mswsock.dll
0x71750000 - 0x717e4000 	C:\WINDOWS\SYSTEM32\DNSAPI.dll
0x76810000 - 0x76817000 	C:\WINDOWS\System32\NSI.dll
0x73ab0000 - 0x73ae0000 	C:\WINDOWS\SYSTEM32\IPHLPAPI.DLL
0x71710000 - 0x71731000 	C:\Program Files (x86)\Bonjour\mdnsNSP.dll
0x716f0000 - 0x716f8000 	C:\Program Files (x86)\National Instruments\Shared\mDNS Responder\nimdnsNSP.dll
0x716e0000 - 0x716ed000 	C:\WINDOWS\SYSTEM32\nimdnsResponder.dll
0x724d0000 - 0x724e4000 	C:\WINDOWS\SYSTEM32\VCRUNTIME140.dll
0x71650000 - 0x71658000 	C:\Windows\System32\rasadhlp.dll
0x66500000 - 0x66539000 	C:\Program Files (x86)\BlueJ\jdk\jre\bin\fontmanager.dll
0x71690000 - 0x716de000 	C:\WINDOWS\System32\fwpuclnt.dll
0x51c70000 - 0x51d4f000 	C:\WINDOWS\system32\opengl32.dll
0x54370000 - 0x54395000 	C:\WINDOWS\SYSTEM32\GLU32.dll
0x6c170000 - 0x6c17f000 	C:\Program Files (x86)\BlueJ\jdk\jre\bin\nio.dll
0x664c0000 - 0x664f2000 	C:\Program Files (x86)\BlueJ\jdk\jre\bin\t2k.dll
0x71d30000 - 0x71d43000 	C:\WINDOWS\SYSTEM32\CRYPTSP.dll
0x71660000 - 0x7168f000 	C:\WINDOWS\system32\rsaenh.dll
0x72fc0000 - 0x72fe2000 	C:\WINDOWS\SYSTEM32\USERENV.dll
0x71450000 - 0x71463000 	C:\WINDOWS\SYSTEM32\dhcpcsvc6.DLL
0x714b0000 - 0x714c4000 	C:\WINDOWS\SYSTEM32\dhcpcsvc.DLL
0x66450000 - 0x66470000 	C:\Program Files (x86)\BlueJ\jdk\jre\bin\sunec.dll
0x68720000 - 0x68729000 	C:\Program Files (x86)\BlueJ\jdk\jre\bin\sunmscapi.dll
0x743b0000 - 0x74532000 	C:\WINDOWS\System32\CRYPT32.dll
0x76600000 - 0x7660e000 	C:\WINDOWS\System32\MSASN1.dll
0x664b0000 - 0x664b9000 	C:\Program Files (x86)\BlueJ\jdk\jre\bin\dt_shmem.dll
0x71830000 - 0x71841000 	C:\WINDOWS\system32\napinsp.dll
0x71810000 - 0x71826000 	C:\WINDOWS\system32\pnrpnsp.dll
0x717f0000 - 0x71803000 	C:\WINDOWS\system32\NLAapi.dll
0x71740000 - 0x7174c000 	C:\WINDOWS\System32\winrnr.dll
0x71700000 - 0x71710000 	C:\WINDOWS\System32\wshbth.dll
0x66440000 - 0x6644a000 	C:\Program Files (x86)\BlueJ\jdk\jre\bin\management.dll
0x66430000 - 0x6643f000 	C:\Program Files (x86)\BlueJ\jdk\jre\bin\prism_common.dll
0x3a270000 - 0x3c431000 	C:\Program Files (x86)\BlueJ\jdk\jre\bin\jfxwebkit.dll
0x55d80000 - 0x5628e000 	C:\WINDOWS\SYSTEM32\d2d1.dll
0x65bb0000 - 0x66104000 	C:\WINDOWS\SYSTEM32\D3D10Warp.dll
0x5be90000 - 0x5becd000 	C:\WINDOWS\SYSTEM32\edputil.dll
0x71a20000 - 0x71ba1000 	C:\WINDOWS\SYSTEM32\dbghelp.dll

VM Arguments:
jvm_args: -Xmx512M -Djavafx.embed.singleThread=true 
java_command: <unknown>
java_class_path (initial): C:\Program Files (x86)\BlueJ\lib\bluej.jar;C:\Program Files (x86)\BlueJ\jdk\lib\tools.jar
Launcher Type: generic

Environment Variables:
JAVA_HOME=C:\Program Files\Java\jdk1.8.0_111
PATH=C:\Python27;C:\Program Files (x86)\Intel\iCLS Client\;C:\Program Files\Intel\iCLS Client\;C:\Windows\system32;C:\Windows;C:\Windows\System32\Wbem;C:\Windows\System32\WindowsPowerShell\v1.0\;C:\Program Files (x86)\NVIDIA Corporation\PhysX\Common;C:\Program Files (x86)\Intel\Intel(R) Management Engine Components\DAL;C:\Program Files\Intel\Intel(R) Management Engine Components\DAL;C:\Program Files (x86)\Intel\Intel(R) Management Engine Components\IPT;C:\Program Files\Intel\Intel(R) Management Engine Components\IPT;C:\WINDOWS\system32;C:\WINDOWS;C:\WINDOWS\System32\Wbem;C:\WINDOWS\System32\WindowsPowerShell\v1.0\;C:\Program Files\Java\jdk1.8.0_111\bin\;C:\Program Files (x86)\Windows Live\Shared;C:\Program Files\Java\jdk1.8.0_111\bin;C:\Users\jhoff\AppData\Roaming\Dashlane\4.6.5.21982\bin\Firefox_Extension\{442718d9-475e-452a-b3e1-fb1ee16b8e9f}\components;C:\Users\jhoff\AppData\Roaming\Dashlane\4.6.6.23032\bin\Firefox_Extension\{442718d9-475e-452a-b3e1-fb1ee16b8e9f}\components;C:\Users\jhoff\AppData\Local\Microsoft\WindowsApps;C:\Users\jhoff\AppData\Roaming\Dashlane\4.8.9.37516\bin\Firefox_Extension\{442718d9-475e-452a-b3e1-fb1ee16b8e9f}\components;C:\Users\jhoff\AppData\Roaming\Dashlane\4.8.9.37516\ucrt;C:\Users\jhoff\AppData\Local\atom\bin;C:\Users\jhoff\AppData\Local\Microsoft\WindowsApps;C:\Users\jhoff\AppData\Roaming\Dashlane\5.1.0.11228\bin\Firefox_Extension\{442718d9-475e-452a-b3e1-fb1ee16b8e9f}\components;C:\Users\jhoff\AppData\Roaming\Dashlane\5.1.0.11228\ucrt;C:\Users\jhoff\AppData\Local\GitHubDesktop\bin;C:\Python27;C:\Users\jhoff\AppData\Roaming\Dashlane\5.12.0.19744\bin\Firefox_Extension\{442718d9-475e-452a-b3e1-fb1ee16b8e9f}\components;C:\Users\jhoff\AppData\Roaming\Dashlane\5.12.0.19744\ucrt
USERNAME=jhoff
OS=Windows_NT
PROCESSOR_IDENTIFIER=Intel64 Family 6 Model 78 Stepping 3, GenuineIntel



---------------  S Y S T E M  ---------------

OS: Windows 10.0 , 64 bit Build 16299 (10.0.16299.431)

CPU:total 4 (initial active 4) (2 cores per cpu, 2 threads per core) family 6 model 78 stepping 3, cmov, cx8, fxsr, mmx, sse, sse2, sse3, ssse3, sse4.1, sse4.2, popcnt, avx, avx2, aes, clmul, erms, 3dnowpref, lzcnt, ht, tsc, tscinvbit, bmi1, bmi2, adx

Memory: 4k page, physical 16606792k(9472456k free), swap 19097160k(10475308k free)

vm_info: Java HotSpot(TM) Client VM (25.144-b01) for windows-x86 JRE (1.8.0_144-b01), built on Jul 21 2017 21:58:05 by "java_re" with MS VC++ 10.0 (VS2010)

time: Tue May 15 20:37:31 2018
elapsed time: 3016 seconds (0d 0h 50m 16s)

